<?xml version="1.0" encoding="UTF-8"?>
<!-- Generated by org.testng.reporters.JUnitReportReporter -->
<testsuite hostname="LAPTOP-9Q2QO88G" name="com.flipkart.Tset1" tests="2" failures="0" timestamp="1 Apr 2022 07:30:53 GMT" time="0.334" errors="0">
  <testcase name="search" time="0.186" classname="com.flipkart.Tset1"/>
  <testcase name="login" time="0.148" classname="com.flipkart.Tset1"/>
</testsuite> <!-- com.flipkart.Tset1 -->
