<?xml version="1.0" encoding="UTF-8"?>
<!-- Generated by org.testng.reporters.JUnitReportReporter -->
<testsuite hostname="LAPTOP-9Q2QO88G" name="com.flipkart.Tset" tests="2" failures="0" timestamp="1 Apr 2022 07:30:52 GMT" time="0.384" errors="0">
  <testcase name="search" time="0.243" classname="com.flipkart.Tset"/>
  <testcase name="login" time="0.141" classname="com.flipkart.Tset"/>
</testsuite> <!-- com.flipkart.Tset -->
